<?xml version="1.0" encoding="UTF-8"?>
<!-- Generated by org.testng.reporters.JUnitReportReporter -->
<testsuite hostname="TAUFEEQUE-PC" failures="0" tests="1" name="TestCase.AccountRegistration_TC001" time="2.510" errors="0" timestamp="2024-08-25T13:49:56 IST" skipped="0">
  <testcase classname="TestCase.AccountRegistration_TC001" name="accotRegistration" time="2.510"/>
</testsuite> <!-- TestCase.AccountRegistration_TC001 -->
