<?xml version="1.0" encoding="UTF-8"?>
<!-- Generated by org.testng.reporters.JUnitReportReporter -->
<testsuite hostname="TAUFEEQUE-PC" failures="0" tests="1" name="TestCase.Logintest_TC002" time="1.773" errors="0" timestamp="2024-08-25T13:49:56 IST" skipped="0">
  <testcase classname="TestCase.Logintest_TC002" name="loginTest" time="1.773"/>
</testsuite> <!-- TestCase.Logintest_TC002 -->
